<?xml version="1.0" encoding="UTF-8"?>
<testng-results ignored="0" total="1" passed="1" failed="0" skipped="0">
  <reporter-output>
  </reporter-output>
  <suite started-at="2024-07-04T14:26:52 IST" name="Default suite" finished-at="2024-07-04T14:27:30 IST" duration-ms="38689">
    <groups>
    </groups>
    <test started-at="2024-07-04T14:26:52 IST" name="Default test" finished-at="2024-07-04T14:27:30 IST" duration-ms="38689">
      <class name="BudsLogin.Login_Deposit_Taker">
        <test-method signature="loginApplication()[pri:0, instance:BudsLogin.Login_Deposit_Taker@53fdffa1]" started-at="2024-07-04T14:26:52 IST" name="loginApplication" finished-at="2024-07-04T14:27:30 IST" duration-ms="38657" status="PASS">
          <reporter-output>
          </reporter-output>
        </test-method> <!-- loginApplication -->
      </class> <!-- BudsLogin.Login_Deposit_Taker -->
    </test> <!-- Default test -->
  </suite> <!-- Default suite -->
</testng-results>
